#
# A fatal error has been detected by the Java Runtime Environment:
#
#  SIGSEGV (0xb) at pc=0x00007f7659e8e7b6, pid=7633, tid=0x00007f7641ab3700
#
# JRE version: Java(TM) SE Runtime Environment (8.0_201-b09) (build 1.8.0_201-b09)
# Java VM: Java HotSpot(TM) 64-Bit Server VM (25.201-b09 mixed mode linux-amd64 compressed oops)
# Problematic frame:
# V  [libjvm.so+0x9e47b6]  SignatureIterator::expect(char)+0x26
#
# Failed to write core dump. Core dumps have been disabled. To enable core dumping, try "ulimit -c unlimited" before starting Java again
#
# If you would like to submit a bug report, please visit:
#   http://bugreport.java.com/bugreport/crash.jsp
#

---------------  T H R E A D  ---------------

Current thread (0x00007f7654144000):  VMThread [stack: 0x00007f76419b4000,0x00007f7641ab4000] [id=7646]

siginfo: si_signo: 11 (SIGSEGV), si_code: 1 (SEGV_MAPERR), si_addr: 0x0000000000000008

Registers:
RAX=0x0000000000000000, RBX=0x00007f7641ab1b40, RCX=0x0000000000000000, RDX=0x0000000000000000
RSP=0x00007f7641ab19c0, RBP=0x00007f7641ab1ae0, RSI=0x0000000000000028, RDI=0x00007f7641ab1b40
R8 =0x00000000000000cc, R9 =0x0000000000000008, R10=0x00007f765af48a47, R11=0x00000000efffff00
R12=0x00007f7641ab1b30, R13=0x00007f7641ab1b40, R14=0x0000000000000000, R15=0x00000000000000cc
RIP=0x00007f7659e8e7b6, EFLAGS=0x0000000000010246, CSGSFS=0x002b000000000033, ERR=0x0000000000000004
  TRAPNO=0x000000000000000e

Top of Stack: (sp=0x00007f7641ab19c0)
0x00007f7641ab19c0:   726168432f676e61 65636e6575716553
0x00007f7641ab19d0:   74730500015a293b 0001220007796475
0x00007f7641ab19e0:   666e496565725408 616a4c282500016f
0x00007f7641ab19f0:   2f6c6974752f6176 61502f7865676572
0x00007f7641ab1a00:   7254246e72657474 293b6f666e496565
0x00007f7641ab1a10:   72756f530a00015a 0001656c69466563
0x00007f7641ab1a20:   6e7265747461500c 0c000c6176616a2e
0x00007f7641ab1a30:   0c0b0007000c2300 0012000c11002400
0x00007f7641ab1a40:   6a1e000125000715 6c6974752f617661
0x00007f7641ab1a50:   502f78656765722f 50246e7265747461
0x00007f7641ab1a60:   060001676f6c6f72 0001676f6c6f7250
0x00007f7641ab1a70:   74752f6176616a1c 78656765722f6c69
0x00007f7641ab1a80:   6e7265747461502f 04000165646f4e24
0x00007f7641ab1a90:   6a1c000165646f4e 6c6974752f617661
0x00007f7641ab1aa0:   502f78656765722f 4c246e7265747461
0x00007f7641ab1ab0:   616a200001706f6f 2f6c6974752f6176
0x00007f7641ab1ac0:   00007f7641ab1ae0 d8c9b1af211a8300
0x00007f7641ab1ad0:   00016f666e496565 0000000000000001
0x00007f7641ab1ae0:   00007f7641ab1b10 00007f7659e8ec14
0x00007f7641ab1af0:   00007f7641ab2260 00007f7641ab1b30
0x00007f7641ab1b00:   00007f7641ab1b40 0000000000000000
0x00007f7641ab1b10:   00007f7641ab1fb0 00007f7659a8c332
0x00007f7641ab1b20:   020002002a000000 0100b72a0a000000
0x00007f7641ab1b30:   00000000460000c9 0e0000000f000100
0x00007f7641ab1b40:   00007f765a39d020 0000000000000000
0x00007f7641ab1b50:   0000000000000000 040004000000000c
0x00007f7641ab1b60:   00007f7641ab1b30 00ac030000000000
0x00007f7641ab1b70:   4fffffff4fffffff 008712002fffffff
0x00007f7641ab1b80:   0001001500120000 000200210000000e
0x00007f7641ab1b90:   00b42a0900000002 0000ac0400b62b02
0x00007f7641ab1ba0:   060000000f000100 02008a1200000100
0x00007f7641ab1bb0:   1700020000001600 0400220000000a00 

Instructions: (pc=0x00007f7659e8e7b6)
0x00007f7659e8e796:   89 fb 48 81 ec 18 01 00 00 48 63 57 10 48 8b 4f
0x00007f7659e8e7a6:   08 64 48 8b 04 25 28 00 00 00 48 89 45 e8 31 c0
0x00007f7659e8e7b6:   40 3a 74 11 08 48 89 d0 74 39 40 0f be d6 48 8d
0x00007f7659e8e7c6:   bd e0 fe ff ff 48 8d 35 6e 96 18 00 31 c0 e8 47 

Register to memory mapping:

RAX=0x0000000000000000 is an unknown value
RBX=0x00007f7641ab1b40 is an unknown value
RCX=0x0000000000000000 is an unknown value
RDX=0x0000000000000000 is an unknown value
RSP=0x00007f7641ab19c0 is an unknown value
RBP=0x00007f7641ab1ae0 is an unknown value
RSI=0x0000000000000028 is an unknown value
RDI=0x00007f7641ab1b40 is an unknown value
R8 =0x00000000000000cc is an unknown value
R9 =0x0000000000000008 is an unknown value
R10=0x00007f765af48a47 is an unknown value
R11=0x00000000efffff00 is an unallocated location in the heap
R12=0x00007f7641ab1b30 is an unknown value
R13=0x00007f7641ab1b40 is an unknown value
R14=0x0000000000000000 is an unknown value
R15=0x00000000000000cc is an unknown value


Stack: [0x00007f76419b4000,0x00007f7641ab4000],  sp=0x00007f7641ab19c0,  free space=1014k
Native frames: (J=compiled Java code, j=interpreted, Vv=VM code, C=native code)
V  [libjvm.so+0x9e47b6]  SignatureIterator::expect(char)+0x26
V  [libjvm.so+0x9e4c14]  SignatureIterator::iterate_returntype()+0x24
V  [libjvm.so+0x5e2332]  GenerateOopMap::do_method(int, int, int, int)+0x72
V  [libjvm.so+0x5e34af]  GenerateOopMap::interp_bb(BasicBlock*)+0x16f
V  [libjvm.so+0x5e6fbd]  GenerateOopMap::do_interpretation()+0xbd
V  [libjvm.so+0x5e739b]  GenerateOopMap::compute_map(Thread*)+0x29b
V  [libjvm.so+0x8fee5f]  OopMapForCacheEntry::compute_map(Thread*)+0x8f
V  [libjvm.so+0x900b68]  OopMapCacheEntry::fill(methodHandle, int)+0x2a8
V  [libjvm.so+0x901ae7]  OopMapCache::compute_one_oop_map(methodHandle, int, InterpreterOopMap*)+0x127
V  [libjvm.so+0x902376]  OopMapCache::lookup(methodHandle, int, InterpreterOopMap*) const+0x5c6
V  [libjvm.so+0x6435f3]  InstanceKlass::mask_for(methodHandle, int, InterpreterOopMap*)+0x83
V  [libjvm.so+0x894921]  Method::mask_for(int, InterpreterOopMap*)+0xb1
V  [libjvm.so+0x7808fa]  VM_GetOrSetLocal::doit()+0x4a
V  [libjvm.so+0xada296]  VM_Operation::evaluate()+0x46
V  [libjvm.so+0xad85cd]  VMThread::evaluate_operation(VM_Operation*) [clone .constprop.44]+0xcd
V  [libjvm.so+0xad8bb3]  VMThread::loop()+0x3a3
V  [libjvm.so+0xad8f88]  VMThread::run()+0x78
V  [libjvm.so+0x90d922]  java_start(Thread*)+0x102

VM_Operation (0x00007f76414a9990): GetOrSetLocal, mode: safepoint, requested by thread 0x00007f765418f000


---------------  P R O C E S S  ---------------

Java Threads: ( => current thread )
  0x00007f765424d000 JavaThread "Service Thread" daemon [_thread_blocked, id=7662, stack(0x00007f7640da4000,0x00007f7640ea5000)]
  0x00007f765424a000 JavaThread "C1 CompilerThread2" daemon [_thread_blocked, id=7661, stack(0x00007f7640ea6000,0x00007f7640fa6000)]
  0x00007f7654245800 JavaThread "C2 CompilerThread1" daemon [_thread_blocked, id=7660, stack(0x00007f7640fa7000,0x00007f76410a7000)]
  0x00007f7654245000 JavaThread "C2 CompilerThread0" daemon [_thread_blocked, id=7659, stack(0x00007f76410a8000,0x00007f76411a8000)]
  0x00007f761c001000 JavaThread "JDWP Command Reader" daemon [_thread_in_native, id=7655, stack(0x00007f76411a8000,0x00007f76412a9000)]
  0x00007f7654192800 JavaThread "JDWP Event Helper Thread" daemon [_thread_blocked, id=7654, stack(0x00007f76412a9000,0x00007f76413aa000)]
  0x00007f765418f000 JavaThread "JDWP Transport Listener: dt_socket" daemon [_thread_blocked, id=7651, stack(0x00007f76413aa000,0x00007f76414ab000)]
  0x00007f7654182800 JavaThread "Signal Dispatcher" daemon [_thread_blocked, id=7649, stack(0x00007f76416b0000,0x00007f76417b1000)]
  0x00007f7654150800 JavaThread "Finalizer" daemon [_thread_blocked, id=7648, stack(0x00007f76417b1000,0x00007f76418b2000)]
  0x00007f765414e000 JavaThread "Reference Handler" daemon [_thread_blocked, id=7647, stack(0x00007f76418b2000,0x00007f76419b3000)]
  0x00007f765400f000 JavaThread "main" [_thread_blocked, id=7639, stack(0x00007f765afc7000,0x00007f765b0c7000)]

Other Threads:
=>0x00007f7654144000 VMThread [stack: 0x00007f76419b4000,0x00007f7641ab4000] [id=7646]
  0x00007f765427a800 WatcherThread [stack: 0x00007f7640ca4000,0x00007f7640da4000] [id=7663]

VM state:at safepoint (normal execution)

VM Mutex/Monitor currently owned by a thread:  ([mutex/lock_event])
[0x00007f765400b5d0] Threads_lock - owner thread: 0x00007f7654144000

heap address: 0x0000000085000000, size: 1968 MB, Compressed Oops mode: 32-bit
Narrow klass base: 0x0000000000000000, Narrow klass shift: 3
Compressed class space size: 1073741824 Address: 0x0000000100000000

Heap:
 PSYoungGen      total 36864K, used 7046K [0x00000000d7000000, 0x00000000d9900000, 0x0000000100000000)
  eden space 31744K, 22% used [0x00000000d7000000,0x00000000d76e1908,0x00000000d8f00000)
  from space 5120K, 0% used [0x00000000d9400000,0x00000000d9400000,0x00000000d9900000)
  to   space 5120K, 0% used [0x00000000d8f00000,0x00000000d8f00000,0x00000000d9400000)
 ParOldGen       total 84992K, used 0K [0x0000000085000000, 0x000000008a300000, 0x00000000d7000000)
  object space 84992K, 0% used [0x0000000085000000,0x0000000085000000,0x000000008a300000)
 Metaspace       used 5420K, capacity 5522K, committed 5760K, reserved 1056768K
  class space    used 584K, capacity 625K, committed 640K, reserved 1048576K

Card table byte_map: [0x00007f7643e09000,0x00007f76441e2000] byte_map_base: 0x00007f76439e1000

Marking Bits: (ParMarkBitMap*) 0x00007f765a475d80
 Begin Bits: [0x00007f7630280000, 0x00007f7632140000)
 End Bits:   [0x00007f7632140000, 0x00007f7634000000)

Polling page: 0x00007f765b0e5000

CodeCache: size=245760Kb used=1357Kb max_used=1357Kb free=244402Kb
 bounds [0x00007f76445a2000, 0x00007f7644812000, 0x00007f76535a2000]
 total_blobs=415 nmethods=127 adapters=210
 compilation: enabled

Compilation events (10 events):
Event: 842.290 Thread 0x00007f765424a000  122       3       org.eclipse.jdt.launching.internal.org.objectweb.asm.MethodWriter::visitLineNumber (50 bytes)
Event: 842.290 Thread 0x00007f765424a000 nmethod 122 0x00007f76446f2010 code [0x00007f76446f21a0, 0x00007f76446f25d8]
Event: 842.291 Thread 0x00007f765424a000  126       3       org.eclipse.jdt.launching.internal.org.objectweb.asm.SymbolTable::put (150 bytes)
Event: 842.293 Thread 0x00007f765424a000 nmethod 126 0x00007f76446f2810 code [0x00007f76446f29c0, 0x00007f76446f3110]
Event: 842.293 Thread 0x00007f765424a000  125       3       org.eclipse.jdt.launching.internal.org.objectweb.asm.ClassReader::readStringish (16 bytes)
Event: 842.296 Thread 0x00007f765424a000 nmethod 125 0x00007f76446f3550 code [0x00007f76446f3700, 0x00007f76446f3be8]
Event: 842.296 Thread 0x00007f765424a000  124       3       org.eclipse.jdt.launching.internal.org.objectweb.asm.ClassReader::readClass (7 bytes)
Event: 842.296 Thread 0x00007f765424a000 nmethod 124 0x00007f76446f3f50 code [0x00007f76446f4100, 0x00007f76446f4648]
Event: 842.297 Thread 0x00007f765424a000  127       3       org.eclipse.jdt.launching.internal.org.objectweb.asm.ByteVector::put11 (52 bytes)
Event: 842.297 Thread 0x00007f765424a000 nmethod 127 0x00007f76446f4ad0 code [0x00007f76446f4c40, 0x00007f76446f4ea8]

GC Heap History (0 events):
No events

Deoptimization events (0 events):
No events

Classes redefined (3 events):
Event: 242.729 Thread 0x00007f7654144000 redefined class name=TryCatchFinallyRPS, count=1
Event: 475.937 Thread 0x00007f7654144000 redefined class name=TryCatchFinallyRPS, count=2
Event: 842.295 Thread 0x00007f7654144000 redefined class name=TryCatchFinallyRPS, count=3

Internal exceptions (6 events):
Event: 0.037 Thread 0x00007f765400f000 Exception <a 'java/lang/NoSuchMethodError': Method sun.misc.Unsafe.defineClass(Ljava/lang/String;[BII)Ljava/lang/Class; name or signature does not match> (0x00000000d7007cb0) thrown at [/HUDSON/workspace/8-2-build-linux-amd64/jdk8u201/12317/hotspot/src/sh
Event: 0.037 Thread 0x00007f765400f000 Exception <a 'java/lang/NoSuchMethodError': Method sun.misc.Unsafe.prefetchRead(Ljava/lang/Object;J)V name or signature does not match> (0x00000000d7007f98) thrown at [/HUDSON/workspace/8-2-build-linux-amd64/jdk8u201/12317/hotspot/src/share/vm/prims/jni.c
Event: 847.125 Thread 0x00007f765400f000 Exception <a 'java/security/PrivilegedActionException'> (0x00000000d76036e0) thrown at [/HUDSON/workspace/8-2-build-linux-amd64/jdk8u201/12317/hotspot/src/share/vm/prims/jvm.cpp, line 1502]
Event: 847.126 Thread 0x00007f765400f000 Exception <a 'java/security/PrivilegedActionException'> (0x00000000d7603ad8) thrown at [/HUDSON/workspace/8-2-build-linux-amd64/jdk8u201/12317/hotspot/src/share/vm/prims/jvm.cpp, line 1502]
Event: 847.133 Thread 0x00007f765400f000 Exception <a 'java/security/PrivilegedActionException'> (0x00000000d7606128) thrown at [/HUDSON/workspace/8-2-build-linux-amd64/jdk8u201/12317/hotspot/src/share/vm/prims/jvm.cpp, line 1502]
Event: 847.133 Thread 0x00007f765400f000 Exception <a 'java/security/PrivilegedActionException'> (0x00000000d7606520) thrown at [/HUDSON/workspace/8-2-build-linux-amd64/jdk8u201/12317/hotspot/src/share/vm/prims/jvm.cpp, line 1502]

Events (10 events):
Event: 855.698 Executing VM operation: GetCurrentContendedMonitor done
Event: 855.699 Executing VM operation: GetCurrentContendedMonitor
Event: 855.699 Executing VM operation: GetCurrentContendedMonitor done
Event: 855.699 Executing VM operation: GetOwnedMonitorInfo
Event: 855.699 Executing VM operation: GetOwnedMonitorInfo done
Event: 855.804 Executing VM operation: GetOwnedMonitorInfo
Event: 855.804 Executing VM operation: GetOwnedMonitorInfo done
Event: 855.804 Executing VM operation: GetCurrentContendedMonitor
Event: 855.804 Executing VM operation: GetCurrentContendedMonitor done
Event: 855.882 Executing VM operation: GetOrSetLocal


Dynamic libraries:
00400000-00401000 r-xp 00000000 fd:01 13369976                           /usr/lib/jvm/java-8-oracle/bin/java
00600000-00601000 r--p 00000000 fd:01 13369976                           /usr/lib/jvm/java-8-oracle/bin/java
00601000-00602000 rw-p 00001000 fd:01 13369976                           /usr/lib/jvm/java-8-oracle/bin/java
01c28000-01c49000 rw-p 00000000 00:00 0                                  [heap]
85000000-8a300000 rw-p 00000000 00:00 0 
8a300000-d7000000 ---p 00000000 00:00 0 
d7000000-d9900000 rw-p 00000000 00:00 0 
d9900000-100000000 ---p 00000000 00:00 0 
100000000-1000a0000 rw-p 00000000 00:00 0 
1000a0000-140000000 ---p 00000000 00:00 0 
7f75f8000000-7f75f8021000 rw-p 00000000 00:00 0 
7f75f8021000-7f75fc000000 ---p 00000000 00:00 0 
7f7600000000-7f7600118000 rw-p 00000000 00:00 0 
7f7600118000-7f7604000000 ---p 00000000 00:00 0 
7f7604000000-7f7604021000 rw-p 00000000 00:00 0 
7f7604021000-7f7608000000 ---p 00000000 00:00 0 
7f7608000000-7f7608189000 rw-p 00000000 00:00 0 
7f7608189000-7f760c000000 ---p 00000000 00:00 0 
7f760c000000-7f760c117000 rw-p 00000000 00:00 0 
7f760c117000-7f7610000000 ---p 00000000 00:00 0 
7f7610000000-7f7610021000 rw-p 00000000 00:00 0 
7f7610021000-7f7614000000 ---p 00000000 00:00 0 
7f7614000000-7f7614021000 rw-p 00000000 00:00 0 
7f7614021000-7f7618000000 ---p 00000000 00:00 0 
7f7618000000-7f7618021000 rw-p 00000000 00:00 0 
7f7618021000-7f761c000000 ---p 00000000 00:00 0 
7f761c000000-7f761c021000 rw-p 00000000 00:00 0 
7f761c021000-7f7620000000 ---p 00000000 00:00 0 
7f7620000000-7f7620021000 rw-p 00000000 00:00 0 
7f7620021000-7f7624000000 ---p 00000000 00:00 0 
7f7624000000-7f7624021000 rw-p 00000000 00:00 0 
7f7624021000-7f7628000000 ---p 00000000 00:00 0 
7f7628000000-7f762829e000 rw-p 00000000 00:00 0 
7f762829e000-7f762c000000 ---p 00000000 00:00 0 
7f762c000000-7f762c021000 rw-p 00000000 00:00 0 
7f762c021000-7f7630000000 ---p 00000000 00:00 0 
7f7630280000-7f7634000000 rw-p 00000000 00:00 0 
7f7634000000-7f7634021000 rw-p 00000000 00:00 0 
7f7634021000-7f7638000000 ---p 00000000 00:00 0 
7f7638000000-7f7638021000 rw-p 00000000 00:00 0 
7f7638021000-7f763c000000 ---p 00000000 00:00 0 
7f763c000000-7f763c021000 rw-p 00000000 00:00 0 
7f763c021000-7f7640000000 ---p 00000000 00:00 0 
7f7640ca3000-7f7640ca4000 ---p 00000000 00:00 0 
7f7640ca4000-7f7640da4000 rw-p 00000000 00:00 0 
7f7640da4000-7f7640da7000 ---p 00000000 00:00 0 
7f7640da7000-7f7640ea5000 rw-p 00000000 00:00 0 
7f7640ea5000-7f7640ea6000 ---p 00000000 00:00 0 
7f7640ea6000-7f7640ea9000 ---p 00000000 00:00 0 
7f7640ea9000-7f7640fa6000 rw-p 00000000 00:00 0 
7f7640fa6000-7f7640fa7000 ---p 00000000 00:00 0 
7f7640fa7000-7f7640faa000 ---p 00000000 00:00 0 
7f7640faa000-7f76410a7000 rw-p 00000000 00:00 0 
7f76410a7000-7f76410a8000 ---p 00000000 00:00 0 
7f76410a8000-7f76410ab000 ---p 00000000 00:00 0 
7f76410ab000-7f76411a8000 rw-p 00000000 00:00 0 
7f76411a8000-7f76411ab000 ---p 00000000 00:00 0 
7f76411ab000-7f76412a9000 rw-p 00000000 00:00 0 
7f76412a9000-7f76412ac000 ---p 00000000 00:00 0 
7f76412ac000-7f76413aa000 rw-p 00000000 00:00 0 
7f76413aa000-7f76413ad000 ---p 00000000 00:00 0 
7f76413ad000-7f76414ab000 rw-p 00000000 00:00 0 
7f76414ab000-7f76414af000 r-xp 00000000 fd:01 13373830                   /usr/lib/jvm/java-8-oracle/jre/lib/amd64/libdt_socket.so
7f76414af000-7f76416ae000 ---p 00004000 fd:01 13373830                   /usr/lib/jvm/java-8-oracle/jre/lib/amd64/libdt_socket.so
7f76416ae000-7f76416af000 r--p 00003000 fd:01 13373830                   /usr/lib/jvm/java-8-oracle/jre/lib/amd64/libdt_socket.so
7f76416af000-7f76416b0000 rw-p 00004000 fd:01 13373830                   /usr/lib/jvm/java-8-oracle/jre/lib/amd64/libdt_socket.so
7f76416b0000-7f76416b3000 ---p 00000000 00:00 0 
7f76416b3000-7f76417b1000 rw-p 00000000 00:00 0 
7f76417b1000-7f76417b4000 ---p 00000000 00:00 0 
7f76417b4000-7f76418b2000 rw-p 00000000 00:00 0 
7f76418b2000-7f76418b5000 ---p 00000000 00:00 0 
7f76418b5000-7f76419b3000 rw-p 00000000 00:00 0 
7f76419b3000-7f76419b4000 ---p 00000000 00:00 0 
7f76419b4000-7f76429c3000 rw-p 00000000 00:00 0 
7f76429c3000-7f7642b9d000 r--s 03d6f000 fd:01 13373650                   /usr/lib/jvm/java-8-oracle/jre/lib/rt.jar
7f7642b9d000-7f764309d000 rw-p 00000000 00:00 0 
7f764309d000-7f764339d000 ---p 00000000 00:00 0 
7f764339d000-7f7643775000 rw-p 00000000 00:00 0 
7f7643775000-7f7643776000 ---p 00000000 00:00 0 
7f7643776000-7f7643876000 rw-p 00000000 00:00 0 
7f7643876000-7f7643877000 ---p 00000000 00:00 0 
7f7643877000-7f7643977000 rw-p 00000000 00:00 0 
7f7643977000-7f7643978000 ---p 00000000 00:00 0 
7f7643978000-7f7643a78000 rw-p 00000000 00:00 0 
7f7643a78000-7f7643a79000 ---p 00000000 00:00 0 
7f7643a79000-7f7643ba3000 rw-p 00000000 00:00 0 
7f7643ba3000-7f7643e09000 ---p 00000000 00:00 0 
7f7643e09000-7f7643e33000 rw-p 00000000 00:00 0 
7f7643e33000-7f7644099000 ---p 00000000 00:00 0 
7f7644099000-7f76440ae000 rw-p 00000000 00:00 0 
7f76440ae000-7f76441e1000 ---p 00000000 00:00 0 
7f76441e1000-7f76441ec000 rw-p 00000000 00:00 0 
7f76441ec000-7f76445a2000 ---p 00000000 00:00 0 
7f76445a2000-7f7644812000 rwxp 00000000 00:00 0 
7f7644812000-7f76535a2000 ---p 00000000 00:00 0 
7f76535a2000-7f76535bd000 r-xp 00000000 fd:01 13373863                   /usr/lib/jvm/java-8-oracle/jre/lib/amd64/libzip.so
7f76535bd000-7f76537bc000 ---p 0001b000 fd:01 13373863                   /usr/lib/jvm/java-8-oracle/jre/lib/amd64/libzip.so
7f76537bc000-7f76537bd000 r--p 0001a000 fd:01 13373863                   /usr/lib/jvm/java-8-oracle/jre/lib/amd64/libzip.so
7f76537bd000-7f76537be000 rw-p 0001b000 fd:01 13373863                   /usr/lib/jvm/java-8-oracle/jre/lib/amd64/libzip.so
7f76537be000-7f76537c9000 r-xp 00000000 fd:01 917604                     /lib/x86_64-linux-gnu/libnss_files-2.27.so
7f76537c9000-7f76539c8000 ---p 0000b000 fd:01 917604                     /lib/x86_64-linux-gnu/libnss_files-2.27.so
7f76539c8000-7f76539c9000 r--p 0000a000 fd:01 917604                     /lib/x86_64-linux-gnu/libnss_files-2.27.so
7f76539c9000-7f76539ca000 rw-p 0000b000 fd:01 917604                     /lib/x86_64-linux-gnu/libnss_files-2.27.so
7f76539ca000-7f76539d0000 rw-p 00000000 00:00 0 
7f76539d0000-7f76539e7000 r-xp 00000000 fd:01 917598                     /lib/x86_64-linux-gnu/libnsl-2.27.so
7f76539e7000-7f7653be6000 ---p 00017000 fd:01 917598                     /lib/x86_64-linux-gnu/libnsl-2.27.so
7f7653be6000-7f7653be7000 r--p 00016000 fd:01 917598                     /lib/x86_64-linux-gnu/libnsl-2.27.so
7f7653be7000-7f7653be8000 rw-p 00017000 fd:01 917598                     /lib/x86_64-linux-gnu/libnsl-2.27.so
7f7653be8000-7f7653bea000 rw-p 00000000 00:00 0 
7f7653bea000-7f7653bf5000 r-xp 00000000 fd:01 917678                     /lib/x86_64-linux-gnu/libnss_nis-2.27.so
7f7653bf5000-7f7653df4000 ---p 0000b000 fd:01 917678                     /lib/x86_64-linux-gnu/libnss_nis-2.27.so
7f7653df4000-7f7653df5000 r--p 0000a000 fd:01 917678                     /lib/x86_64-linux-gnu/libnss_nis-2.27.so
7f7653df5000-7f7653df6000 rw-p 0000b000 fd:01 917678                     /lib/x86_64-linux-gnu/libnss_nis-2.27.so
7f7653df6000-7f7653dfe000 r-xp 00000000 fd:01 917601                     /lib/x86_64-linux-gnu/libnss_compat-2.27.so
7f7653dfe000-7f7653ffe000 ---p 00008000 fd:01 917601                     /lib/x86_64-linux-gnu/libnss_compat-2.27.so
7f7653ffe000-7f7653fff000 r--p 00008000 fd:01 917601                     /lib/x86_64-linux-gnu/libnss_compat-2.27.so
7f7653fff000-7f7654000000 rw-p 00009000 fd:01 917601                     /lib/x86_64-linux-gnu/libnss_compat-2.27.so
7f7654000000-7f76545a1000 rw-p 00000000 00:00 0 
7f76545a1000-7f7658000000 ---p 00000000 00:00 0 
7f7658058000-7f765806b000 r--s 00345000 fd:01 13373688                   /usr/lib/jvm/java-8-oracle/jre/lib/resources.jar
7f765806b000-7f76580e1000 rw-p 00000000 00:00 0 
7f76580e1000-7f76580eb000 r-xp 00000000 fd:01 13373872                   /usr/lib/jvm/java-8-oracle/jre/lib/amd64/libinstrument.so
7f76580eb000-7f76582ea000 ---p 0000a000 fd:01 13373872                   /usr/lib/jvm/java-8-oracle/jre/lib/amd64/libinstrument.so
7f76582ea000-7f76582eb000 r--p 00009000 fd:01 13373872                   /usr/lib/jvm/java-8-oracle/jre/lib/amd64/libinstrument.so
7f76582eb000-7f76582ec000 rw-p 0000a000 fd:01 13373872                   /usr/lib/jvm/java-8-oracle/jre/lib/amd64/libinstrument.so
7f76582ec000-7f7658687000 r--p 00000000 fd:01 12979948                   /usr/lib/locale/locale-archive
7f7658687000-7f7658689000 r-xp 00000000 fd:01 13373832                   /usr/lib/jvm/java-8-oracle/jre/lib/amd64/libnpt.so
7f7658689000-7f7658889000 ---p 00002000 fd:01 13373832                   /usr/lib/jvm/java-8-oracle/jre/lib/amd64/libnpt.so
7f7658889000-7f765888a000 r--p 00002000 fd:01 13373832                   /usr/lib/jvm/java-8-oracle/jre/lib/amd64/libnpt.so
7f765888a000-7f765888b000 rw-p 00003000 fd:01 13373832                   /usr/lib/jvm/java-8-oracle/jre/lib/amd64/libnpt.so
7f765888b000-7f76588c5000 r-xp 00000000 fd:01 13373850                   /usr/lib/jvm/java-8-oracle/jre/lib/amd64/libjdwp.so
7f76588c5000-7f7658ac4000 ---p 0003a000 fd:01 13373850                   /usr/lib/jvm/java-8-oracle/jre/lib/amd64/libjdwp.so
7f7658ac4000-7f7658ac5000 r--p 00039000 fd:01 13373850                   /usr/lib/jvm/java-8-oracle/jre/lib/amd64/libjdwp.so
7f7658ac5000-7f7658ac6000 rw-p 0003a000 fd:01 13373850                   /usr/lib/jvm/java-8-oracle/jre/lib/amd64/libjdwp.so
7f7658ac6000-7f7658af2000 r-xp 00000000 fd:01 13373857                   /usr/lib/jvm/java-8-oracle/jre/lib/amd64/libjava.so
7f7658af2000-7f7658cf2000 ---p 0002c000 fd:01 13373857                   /usr/lib/jvm/java-8-oracle/jre/lib/amd64/libjava.so
7f7658cf2000-7f7658cf3000 r--p 0002c000 fd:01 13373857                   /usr/lib/jvm/java-8-oracle/jre/lib/amd64/libjava.so
7f7658cf3000-7f7658cf5000 rw-p 0002d000 fd:01 13373857                   /usr/lib/jvm/java-8-oracle/jre/lib/amd64/libjava.so
7f7658cf5000-7f7658d02000 r-xp 00000000 fd:01 13373862                   /usr/lib/jvm/java-8-oracle/jre/lib/amd64/libverify.so
7f7658d02000-7f7658f01000 ---p 0000d000 fd:01 13373862                   /usr/lib/jvm/java-8-oracle/jre/lib/amd64/libverify.so
7f7658f01000-7f7658f03000 r--p 0000c000 fd:01 13373862                   /usr/lib/jvm/java-8-oracle/jre/lib/amd64/libverify.so
7f7658f03000-7f7658f04000 rw-p 0000e000 fd:01 13373862                   /usr/lib/jvm/java-8-oracle/jre/lib/amd64/libverify.so
7f7658f04000-7f7658f0b000 r-xp 00000000 fd:01 917727                     /lib/x86_64-linux-gnu/librt-2.27.so
7f7658f0b000-7f765910a000 ---p 00007000 fd:01 917727                     /lib/x86_64-linux-gnu/librt-2.27.so
7f765910a000-7f765910b000 r--p 00006000 fd:01 917727                     /lib/x86_64-linux-gnu/librt-2.27.so
7f765910b000-7f765910c000 rw-p 00007000 fd:01 917727                     /lib/x86_64-linux-gnu/librt-2.27.so
7f765910c000-7f76592a9000 r-xp 00000000 fd:01 917593                     /lib/x86_64-linux-gnu/libm-2.27.so
7f76592a9000-7f76594a8000 ---p 0019d000 fd:01 917593                     /lib/x86_64-linux-gnu/libm-2.27.so
7f76594a8000-7f76594a9000 r--p 0019c000 fd:01 917593                     /lib/x86_64-linux-gnu/libm-2.27.so
7f76594a9000-7f76594aa000 rw-p 0019d000 fd:01 917593                     /lib/x86_64-linux-gnu/libm-2.27.so
7f76594aa000-7f765a192000 r-xp 00000000 fd:01 13373839                   /usr/lib/jvm/java-8-oracle/jre/lib/amd64/server/libjvm.so
7f765a192000-7f765a391000 ---p 00ce8000 fd:01 13373839                   /usr/lib/jvm/java-8-oracle/jre/lib/amd64/server/libjvm.so
7f765a391000-7f765a427000 r--p 00ce7000 fd:01 13373839                   /usr/lib/jvm/java-8-oracle/jre/lib/amd64/server/libjvm.so
7f765a427000-7f765a458000 rw-p 00d7d000 fd:01 13373839                   /usr/lib/jvm/java-8-oracle/jre/lib/amd64/server/libjvm.so
7f765a458000-7f765a493000 rw-p 00000000 00:00 0 
7f765a493000-7f765a67a000 r-xp 00000000 fd:01 917589                     /lib/x86_64-linux-gnu/libc-2.27.so
7f765a67a000-7f765a87a000 ---p 001e7000 fd:01 917589                     /lib/x86_64-linux-gnu/libc-2.27.so
7f765a87a000-7f765a87e000 r--p 001e7000 fd:01 917589                     /lib/x86_64-linux-gnu/libc-2.27.so
7f765a87e000-7f765a880000 rw-p 001eb000 fd:01 917589                     /lib/x86_64-linux-gnu/libc-2.27.so
7f765a880000-7f765a884000 rw-p 00000000 00:00 0 
7f765a884000-7f765a887000 r-xp 00000000 fd:01 917592                     /lib/x86_64-linux-gnu/libdl-2.27.so
7f765a887000-7f765aa86000 ---p 00003000 fd:01 917592                     /lib/x86_64-linux-gnu/libdl-2.27.so
7f765aa86000-7f765aa87000 r--p 00002000 fd:01 917592                     /lib/x86_64-linux-gnu/libdl-2.27.so
7f765aa87000-7f765aa88000 rw-p 00003000 fd:01 917592                     /lib/x86_64-linux-gnu/libdl-2.27.so
7f765aa88000-7f765aa9f000 r-xp 00000000 fd:01 13373513                   /usr/lib/jvm/java-8-oracle/lib/amd64/jli/libjli.so
7f765aa9f000-7f765ac9e000 ---p 00017000 fd:01 13373513                   /usr/lib/jvm/java-8-oracle/lib/amd64/jli/libjli.so
7f765ac9e000-7f765ac9f000 r--p 00016000 fd:01 13373513                   /usr/lib/jvm/java-8-oracle/lib/amd64/jli/libjli.so
7f765ac9f000-7f765aca0000 rw-p 00017000 fd:01 13373513                   /usr/lib/jvm/java-8-oracle/lib/amd64/jli/libjli.so
7f765aca0000-7f765acba000 r-xp 00000000 fd:01 917719                     /lib/x86_64-linux-gnu/libpthread-2.27.so
7f765acba000-7f765aeb9000 ---p 0001a000 fd:01 917719                     /lib/x86_64-linux-gnu/libpthread-2.27.so
7f765aeb9000-7f765aeba000 r--p 00019000 fd:01 917719                     /lib/x86_64-linux-gnu/libpthread-2.27.so
7f765aeba000-7f765aebb000 rw-p 0001a000 fd:01 917719                     /lib/x86_64-linux-gnu/libpthread-2.27.so
7f765aebb000-7f765aebf000 rw-p 00000000 00:00 0 
7f765aebf000-7f765aee6000 r-xp 00000000 fd:01 917518                     /lib/x86_64-linux-gnu/ld-2.27.so
7f765aeeb000-7f765aeee000 r--s 0001a000 fd:01 13373883                   /usr/lib/jvm/java-8-oracle/jre/lib/jce.jar
7f765aeee000-7f765aef2000 r--s 000a1000 fd:01 13373707                   /usr/lib/jvm/java-8-oracle/jre/lib/jsse.jar
7f765aef2000-7f765aef5000 r--s 0001d000 00:38 9964919                    /home/amusab/.eclipse/360744347_linux_gtk_x86_64/configuration/org.eclipse.osgi/232/0/.cp/lib/javaagent-shaded.jar
7f765aef5000-7f765afc6000 rw-p 00000000 00:00 0 
7f765afc6000-7f765afc7000 ---p 00000000 00:00 0 
7f765afc7000-7f765afca000 ---p 00000000 00:00 0 
7f765afca000-7f765b0cb000 rw-p 00000000 00:00 0 
7f765b0cb000-7f765b0d0000 r--s 00084000 fd:01 13373567                   /usr/lib/jvm/java-8-oracle/jre/lib/jfr.jar
7f765b0d0000-7f765b0d5000 r--s 002f9000 fd:01 13373648                   /usr/lib/jvm/java-8-oracle/jre/lib/charsets.jar
7f765b0d5000-7f765b0d8000 r--s 0001a000 fd:01 13373883                   /usr/lib/jvm/java-8-oracle/jre/lib/jce.jar
7f765b0d8000-7f765b0dc000 r--s 000a1000 fd:01 13373707                   /usr/lib/jvm/java-8-oracle/jre/lib/jsse.jar
7f765b0dc000-7f765b0e4000 rw-s 00000000 fd:01 3145776                    /tmp/hsperfdata_amusab/7633
7f765b0e4000-7f765b0e5000 rw-p 00000000 00:00 0 
7f765b0e5000-7f765b0e6000 ---p 00000000 00:00 0 
7f765b0e6000-7f765b0e7000 r--p 00027000 fd:01 917518                     /lib/x86_64-linux-gnu/ld-2.27.so
7f765b0e7000-7f765b0e8000 rw-p 00028000 fd:01 917518                     /lib/x86_64-linux-gnu/ld-2.27.so
7f765b0e8000-7f765b0e9000 rw-p 00000000 00:00 0 
7ffe935ec000-7ffe9360d000 rw-p 00000000 00:00 0                          [stack]
7ffe936d0000-7ffe936d3000 r--p 00000000 00:00 0                          [vvar]
7ffe936d3000-7ffe936d5000 r-xp 00000000 00:00 0                          [vdso]
ffffffffff600000-ffffffffff601000 r-xp 00000000 00:00 0                  [vsyscall]

VM Arguments:
jvm_args: -agentlib:jdwp=transport=dt_socket,suspend=y,address=localhost:33637 -javaagent:/home/amusab/.eclipse/360744347_linux_gtk_x86_64/configuration/org.eclipse.osgi/232/0/.cp/lib/javaagent-shaded.jar -Dfile.encoding=UTF-8 
java_command: TryCatchFinallyRPS
java_class_path (initial): /usr/lib/jvm/java-8-oracle/jre/lib/resources.jar:/usr/lib/jvm/java-8-oracle/jre/lib/rt.jar:/usr/lib/jvm/java-8-oracle/jre/lib/jsse.jar:/usr/lib/jvm/java-8-oracle/jre/lib/jce.jar:/usr/lib/jvm/java-8-oracle/jre/lib/charsets.jar:/usr/lib/jvm/java-8-oracle/jre/lib/jfr.jar:/usr/lib/jvm/java-8-oracle/jre/lib/ext/zipfs.jar:/usr/lib/jvm/java-8-oracle/jre/lib/ext/jfxrt.jar:/usr/lib/jvm/java-8-oracle/jre/lib/ext/sunec.jar:/usr/lib/jvm/java-8-oracle/jre/lib/ext/jaccess.jar:/usr/lib/jvm/java-8-oracle/jre/lib/ext/nashorn.jar:/usr/lib/jvm/java-8-oracle/jre/lib/ext/localedata.jar:/usr/lib/jvm/java-8-oracle/jre/lib/ext/cldrdata.jar:/usr/lib/jvm/java-8-oracle/jre/lib/ext/sunjce_provider.jar:/usr/lib/jvm/java-8-oracle/jre/lib/ext/dnsns.jar:/usr/lib/jvm/java-8-oracle/jre/lib/ext/sunpkcs11.jar:/home/amusab/Desktop/fullStack/dell-java/TryCatchFinallyRPS/bin:/home/amusab/.eclipse/360744347_linux_gtk_x86_64/configuration/org.eclipse.osgi/232/0/.cp/lib/javaagent-shaded.jar
Launcher Type: SUN_STANDARD

Environment Variables:
JAVA_HOME=/usr/lib/jvm/java-8-oracle
PATH=/home/amusab/bin:/home/amusab/.local/bin:/usr/local/sbin:/usr/local/bin:/usr/sbin:/usr/bin:/sbin:/bin:/usr/games:/usr/local/games:/snap/bin:/usr/lib/jvm/java-8-oracle/bin:/usr/lib/jvm/java-8-oracle/db/bin:/usr/lib/jvm/java-8-oracle/jre/bin
USERNAME=amusab
SHELL=/bin/bash
DISPLAY=:0

Signal Handlers:
SIGSEGV: [libjvm.so+0xad3e60], sa_mask[0]=11111111011111111101111111111110, sa_flags=SA_RESTART|SA_SIGINFO
SIGBUS: [libjvm.so+0xad3e60], sa_mask[0]=11111111011111111101111111111110, sa_flags=SA_RESTART|SA_SIGINFO
SIGFPE: [libjvm.so+0x90b880], sa_mask[0]=11111111011111111101111111111110, sa_flags=SA_RESTART|SA_SIGINFO
SIGPIPE: [libjvm.so+0x90b880], sa_mask[0]=11111111011111111101111111111110, sa_flags=SA_RESTART|SA_SIGINFO
SIGXFSZ: [libjvm.so+0x90b880], sa_mask[0]=11111111011111111101111111111110, sa_flags=SA_RESTART|SA_SIGINFO
SIGILL: [libjvm.so+0x90b880], sa_mask[0]=11111111011111111101111111111110, sa_flags=SA_RESTART|SA_SIGINFO
SIGUSR1: SIG_DFL, sa_mask[0]=00000000000000000000000000000000, sa_flags=none
SIGUSR2: [libjvm.so+0x90b750], sa_mask[0]=00100000000000000000000000000000, sa_flags=SA_RESTART|SA_SIGINFO
SIGHUP: [libjvm.so+0x90bd70], sa_mask[0]=11111111011111111101111111111110, sa_flags=SA_RESTART|SA_SIGINFO
SIGINT: [libjvm.so+0x90bd70], sa_mask[0]=11111111011111111101111111111110, sa_flags=SA_RESTART|SA_SIGINFO
SIGTERM: [libjvm.so+0x90bd70], sa_mask[0]=11111111011111111101111111111110, sa_flags=SA_RESTART|SA_SIGINFO
SIGQUIT: [libjvm.so+0x90bd70], sa_mask[0]=11111111011111111101111111111110, sa_flags=SA_RESTART|SA_SIGINFO


---------------  S Y S T E M  ---------------

OS:DISTRIB_ID=Ubuntu
DISTRIB_RELEASE=18.04
DISTRIB_CODENAME=bionic
DISTRIB_DESCRIPTION="Ubuntu 18.04.1 LTS"

uname:Linux 4.15.0-45-generic #48-Ubuntu SMP Tue Jan 29 16:28:13 UTC 2019 x86_64
libc:glibc 2.27 NPTL 2.27 
rlimit: STACK 8192k, CORE 0k, NPROC 31088, NOFILE 1048576, AS infinity
load average:1.65 1.17 1.29

/proc/meminfo:
MemTotal:        8057620 kB
MemFree:          218512 kB
MemAvailable:    2644608 kB
Buffers:          293148 kB
Cached:          3136572 kB
SwapCached:            0 kB
Active:          4888720 kB
Inactive:        2391732 kB
Active(anon):    3852112 kB
Inactive(anon):   918924 kB
Active(file):    1036608 kB
Inactive(file):  1472808 kB
Unevictable:         596 kB
Mlocked:             596 kB
SwapTotal:       8277500 kB
SwapFree:        8277500 kB
Dirty:               636 kB
Writeback:             0 kB
AnonPages:       3851404 kB
Mapped:           943292 kB
Shmem:            920300 kB
Slab:             351692 kB
SReclaimable:     223476 kB
SUnreclaim:       128216 kB
KernelStack:       19024 kB
PageTables:        86536 kB
NFS_Unstable:          0 kB
Bounce:                0 kB
WritebackTmp:          0 kB
CommitLimit:    12306308 kB
Committed_AS:   17653176 kB
VmallocTotal:   34359738367 kB
VmallocUsed:           0 kB
VmallocChunk:          0 kB
HardwareCorrupted:     0 kB
AnonHugePages:         0 kB
ShmemHugePages:        0 kB
ShmemPmdMapped:        0 kB
CmaTotal:              0 kB
CmaFree:               0 kB
HugePages_Total:       0
HugePages_Free:        0
HugePages_Rsvd:        0
HugePages_Surp:        0
Hugepagesize:       2048 kB
DirectMap4k:      309536 kB
DirectMap2M:     7968768 kB
DirectMap1G:     1048576 kB

container (cgroup) information:
container_type: cgroupv1
cpu_cpuset_cpus: 0-3
cpu_memory_nodes: 0
active_processor_count: 4
cpu_quota: -1
cpu_period: 100000
cpu_shares: -1
memory_limit_in_bytes: -1
memory_and_swap_limit_in_bytes: -2
memory_soft_limit_in_bytes: -1
memory_usage_in_bytes: 7456489472
memory_max_usage_in_bytes: 0


CPU:total 4 (initial active 4) (2 cores per cpu, 2 threads per core) family 6 model 78 stepping 3, cmov, cx8, fxsr, mmx, sse, sse2, sse3, ssse3, sse4.1, sse4.2, popcnt, avx, avx2, aes, clmul, erms, rtm, 3dnowpref, lzcnt, ht, tsc, tscinvbit, bmi1, bmi2, adx

/proc/cpuinfo:
processor	: 0
vendor_id	: GenuineIntel
cpu family	: 6
model		: 78
model name	: Intel(R) Core(TM) i5-6300U CPU @ 2.40GHz
stepping	: 3
microcode	: 0xc6
cpu MHz		: 2724.684
cache size	: 3072 KB
physical id	: 0
siblings	: 4
core id		: 0
cpu cores	: 2
apicid		: 0
initial apicid	: 0
fpu		: yes
fpu_exception	: yes
cpuid level	: 22
wp		: yes
flags		: fpu vme de pse tsc msr pae mce cx8 apic sep mtrr pge mca cmov pat pse36 clflush dts acpi mmx fxsr sse sse2 ss ht tm pbe syscall nx pdpe1gb rdtscp lm constant_tsc art arch_perfmon pebs bts rep_good nopl xtopology nonstop_tsc cpuid aperfmperf tsc_known_freq pni pclmulqdq dtes64 monitor ds_cpl vmx smx est tm2 ssse3 sdbg fma cx16 xtpr pdcm pcid sse4_1 sse4_2 x2apic movbe popcnt tsc_deadline_timer aes xsave avx f16c rdrand lahf_lm abm 3dnowprefetch cpuid_fault epb invpcid_single pti ssbd ibrs ibpb stibp tpr_shadow vnmi flexpriority ept vpid fsgsbase tsc_adjust bmi1 hle avx2 smep bmi2 erms invpcid rtm mpx rdseed adx smap clflushopt intel_pt xsaveopt xsavec xgetbv1 xsaves dtherm ida arat pln pts hwp hwp_notify hwp_act_window hwp_epp flush_l1d
bugs		: cpu_meltdown spectre_v1 spectre_v2 spec_store_bypass l1tf
bogomips	: 4992.00
clflush size	: 64
cache_alignment	: 64
address sizes	: 39 bits physical, 48 bits virtual
power management:

processor	: 1
vendor_id	: GenuineIntel
cpu family	: 6
model		: 78
model name	: Intel(R) Core(TM) i5-6300U CPU @ 2.40GHz
stepping	: 3
microcode	: 0xc6
cpu MHz		: 2734.149
cache size	: 3072 KB
physical id	: 0
siblings	: 4
core id		: 1
cpu cores	: 2
apicid		: 2
initial apicid	: 2
fpu		: yes
fpu_exception	: yes
cpuid level	: 22
wp		: yes
flags		: fpu vme de pse tsc msr pae mce cx8 apic sep mtrr pge mca cmov pat pse36 clflush dts acpi mmx fxsr sse sse2 ss ht tm pbe syscall nx pdpe1gb rdtscp lm constant_tsc art arch_perfmon pebs bts rep_good nopl xtopology nonstop_tsc cpuid aperfmperf tsc_known_freq pni pclmulqdq dtes64 monitor ds_cpl vmx smx est tm2 ssse3 sdbg fma cx16 xtpr pdcm pcid sse4_1 sse4_2 x2apic movbe popcnt tsc_deadline_timer aes xsave avx f16c rdrand lahf_lm abm 3dnowprefetch cpuid_fault epb invpcid_single pti ssbd ibrs ibpb stibp tpr_shadow vnmi flexpriority ept vpid fsgsbase tsc_adjust bmi1 hle avx2 smep bmi2 erms invpcid rtm mpx rdseed adx smap clflushopt intel_pt xsaveopt xsavec xgetbv1 xsaves dtherm ida arat pln pts hwp hwp_notify hwp_act_window hwp_epp flush_l1d
bugs		: cpu_meltdown spectre_v1 spectre_v2 spec_store_bypass l1tf
bogomips	: 4992.00
clflush size	: 64
cache_alignment	: 64
address sizes	: 39 bits physical, 48 bits virtual
power management:

processor	: 2
vendor_id	: GenuineIntel
cpu family	: 6
model		: 78
model name	: Intel(R) Core(TM) i5-6300U CPU @ 2.40GHz
stepping	: 3
microcode	: 0xc6
cpu MHz		: 2698.749
cache size	: 3072 KB
physical id	: 0
siblings	: 4
core id		: 0
cpu cores	: 2
apicid		: 1
initial apicid	: 1
fpu		: yes
fpu_exception	: yes
cpuid level	: 22
wp		: yes
flags		: fpu vme de pse tsc msr pae mce cx8 apic sep mtrr pge mca cmov pat pse36 clflush dts acpi mmx fxsr sse sse2 ss ht tm pbe syscall nx pdpe1gb rdtscp lm constant_tsc art arch_perfmon pebs bts rep_good nopl xtopology nonstop_tsc cpuid aperfmperf tsc_known_freq pni pclmulqdq dtes64 monitor ds_cpl vmx smx est tm2 ssse3 sdbg fma cx16 xtpr pdcm pcid sse4_1 sse4_2 x2apic movbe popcnt tsc_deadline_timer aes xsave avx f16c rdrand lahf_lm abm 3dnowprefetch cpuid_fault epb invpcid_single pti ssbd ibrs ibpb stibp tpr_shadow vnmi flexpriority ept vpid fsgsbase tsc_adjust bmi1 hle avx2 smep bmi2 erms invpcid rtm mpx rdseed adx smap clflushopt intel_pt xsaveopt xsavec xgetbv1 xsaves dtherm ida arat pln pts hwp hwp_notify hwp_act_window hwp_epp flush_l1d
bugs		: cpu_meltdown spectre_v1 spectre_v2 spec_store_bypass l1tf
bogomips	: 4992.00
clflush size	: 64
cache_alignment	: 64
address sizes	: 39 bits physical, 48 bits virtual
power management:

processor	: 3
vendor_id	: GenuineIntel
cpu family	: 6
model		: 78
model name	: Intel(R) Core(TM) i5-6300U CPU @ 2.40GHz
stepping	: 3
microcode	: 0xc6
cpu MHz		: 2767.888
cache size	: 3072 KB
physical id	: 0
siblings	: 4
core id		: 1
cpu cores	: 2
apicid		: 3
initial apicid	: 3
fpu		: yes
fpu_exception	: yes
cpuid level	: 22
wp		: yes
flags		: fpu vme de pse tsc msr pae mce cx8 apic sep mtrr pge mca cmov pat pse36 clflush dts acpi mmx fxsr sse sse2 ss ht tm pbe syscall nx pdpe1gb rdtscp lm constant_tsc art arch_perfmon pebs bts rep_good nopl xtopology nonstop_tsc cpuid aperfmperf tsc_known_freq pni pclmulqdq dtes64 monitor ds_cpl vmx smx est tm2 ssse3 sdbg fma cx16 xtpr pdcm pcid sse4_1 sse4_2 x2apic movbe popcnt tsc_deadline_timer aes xsave avx f16c rdrand lahf_lm abm 3dnowprefetch cpuid_fault epb invpcid_single pti ssbd ibrs ibpb stibp tpr_shadow vnmi flexpriority ept vpid fsgsbase tsc_adjust bmi1 hle avx2 smep bmi2 erms invpcid rtm mpx rdseed adx smap clflushopt intel_pt xsaveopt xsavec xgetbv1 xsaves dtherm ida arat pln pts hwp hwp_notify hwp_act_window hwp_epp flush_l1d
bugs		: cpu_meltdown spectre_v1 spectre_v2 spec_store_bypass l1tf
bogomips	: 4992.00
clflush size	: 64
cache_alignment	: 64
address sizes	: 39 bits physical, 48 bits virtual
power management:



Memory: 4k page, physical 8057620k(218512k free), swap 8277500k(8277500k free)

vm_info: Java HotSpot(TM) 64-Bit Server VM (25.201-b09) for linux-amd64 JRE (1.8.0_201-b09), built on Dec 15 2018 11:35:59 by "java_re" with gcc 7.3.0

time: Mon Feb 11 19:17:33 2019
timezone: CST
elapsed time: 855 seconds (0d 0h 14m 15s)

